android/app/build/intermediates/manifest_merge_blame_file/debug/manifest-merger-blame-debug-report.txt
1<?xml version="1.0" encoding="utf-8"?>
2<manifest xmlns:android="http://schemas.android.com/apk/res/android"
3    package="com.gaivota"
4    android:versionCode="1"
5    android:versionName="1.0" >
6
7    <uses-sdk
8        android:minSdkVersion="16"
9        android:targetSdkVersion="29" />
10
11    <uses-permission android:name="android.permission.SYSTEM_ALERT_WINDOW" />
11-->src/debug/AndroidManifest.xml:5:5-77
11-->src/debug/AndroidManifest.xml:5:22-75
12    <uses-permission android:name="android.permission.INTERNET" />
12-->src/main/AndroidManifest.xml:4:5-67
12-->src/main/AndroidManifest.xml:4:22-64
13    <uses-permission android:name="android.permission.ACCESS_FINE_LOCATION" />
13-->src/main/AndroidManifest.xml:5:5-79
13-->src/main/AndroidManifest.xml:5:22-76
14    <uses-permission android:name="android.permission.ACCESS_WIFI_STATE" />
14-->[com.facebook.flipper:flipper:0.37.0] AndroidManifest.xml:16:5-76
14-->[com.facebook.flipper:flipper:0.37.0] AndroidManifest.xml:16:22-73
15    <uses-permission android:name="android.permission.ACCESS_COARSE_LOCATION" />
15-->[:react-native-maps] AndroidManifest.xml:10:5-81
15-->[:react-native-maps] AndroidManifest.xml:10:22-78
16    <uses-permission android:name="android.permission.WAKE_LOCK" /> <!-- Include required permissions for Google Maps API to run. -->
16-->[:react-native-background-timer] AndroidManifest.xml:11:5-68
16-->[:react-native-background-timer] AndroidManifest.xml:11:22-65
17    <uses-permission android:name="android.permission.ACCESS_NETWORK_STATE" />
17-->[com.google.android.gms:play-services-maps:17.0.0] AndroidManifest.xml:23:5-79
17-->[com.google.android.gms:play-services-maps:17.0.0] AndroidManifest.xml:23:22-76
18
19    <uses-feature
19-->[com.google.android.gms:play-services-maps:17.0.0] AndroidManifest.xml:26:5-28:35
20        android:glEsVersion="0x00020000"
20-->[com.google.android.gms:play-services-maps:17.0.0] AndroidManifest.xml:27:9-41
21        android:required="true" />
21-->[com.google.android.gms:play-services-maps:17.0.0] AndroidManifest.xml:28:9-32
22
23    <application
23-->src/main/AndroidManifest.xml:6:5-31:19
24        android:name="com.gaivota.MainApplication"
24-->src/main/AndroidManifest.xml:7:7-38
25        android:allowBackup="false"
25-->src/main/AndroidManifest.xml:11:7-34
26        android:appComponentFactory="androidx.core.app.CoreComponentFactory"
26-->[androidx.core:core:1.1.0] AndroidManifest.xml:24:18-86
27        android:debuggable="true"
28        android:icon="@mipmap/ic_launcher"
28-->src/main/AndroidManifest.xml:9:7-41
29        android:label="@string/app_name"
29-->src/main/AndroidManifest.xml:8:7-39
30        android:roundIcon="@mipmap/ic_launcher_round"
30-->src/main/AndroidManifest.xml:10:7-52
31        android:theme="@style/AppTheme"
31-->src/main/AndroidManifest.xml:12:7-38
32        android:usesCleartextTraffic="true" >
32-->src/debug/AndroidManifest.xml:7:18-53
33        <meta-data
33-->src/main/AndroidManifest.xml:13:10-15:63
34            android:name="com.google.android.geo.API_KEY"
34-->src/main/AndroidManifest.xml:14:6-51
35            android:value="AIzaSyB30j0SIxL1xKrh68hBcPedmbP1VVcw80E" /> <!-- You will also only need to add this uses-library tag -->
35-->src/main/AndroidManifest.xml:15:6-61
36        <uses-library
36-->src/main/AndroidManifest.xml:18:4-82
37            android:name="org.apache.http.legacy"
37-->src/main/AndroidManifest.xml:18:18-55
38            android:required="false" />
38-->src/main/AndroidManifest.xml:18:56-80
39
40        <activity
40-->src/main/AndroidManifest.xml:19:7-29:18
41            android:name="com.gaivota.MainActivity"
41-->src/main/AndroidManifest.xml:20:9-37
42            android:configChanges="keyboard|keyboardHidden|orientation|screenSize|uiMode"
42-->src/main/AndroidManifest.xml:22:9-86
43            android:label="@string/app_name"
43-->src/main/AndroidManifest.xml:21:9-41
44            android:launchMode="singleTask"
44-->src/main/AndroidManifest.xml:23:9-40
45            android:windowSoftInputMode="adjustResize" >
45-->src/main/AndroidManifest.xml:24:9-51
46            <intent-filter>
46-->src/main/AndroidManifest.xml:25:9-28:25
47                <action android:name="android.intent.action.MAIN" />
47-->src/main/AndroidManifest.xml:26:13-65
47-->src/main/AndroidManifest.xml:26:21-62
48
49                <category android:name="android.intent.category.LAUNCHER" />
49-->src/main/AndroidManifest.xml:27:13-73
49-->src/main/AndroidManifest.xml:27:23-70
50            </intent-filter>
51        </activity>
52        <activity android:name="com.facebook.react.devsupport.DevSettingsActivity" />
52-->src/main/AndroidManifest.xml:30:7-84
52-->src/main/AndroidManifest.xml:30:17-81
53        <activity
53-->[com.google.android.gms:play-services-base:17.0.0] AndroidManifest.xml:23:9-26:75
54            android:name="com.google.android.gms.common.api.GoogleApiActivity"
54-->[com.google.android.gms:play-services-base:17.0.0] AndroidManifest.xml:24:13-79
55            android:exported="false"
55-->[com.google.android.gms:play-services-base:17.0.0] AndroidManifest.xml:25:13-37
56            android:theme="@android:style/Theme.Translucent.NoTitleBar" />
56-->[com.google.android.gms:play-services-base:17.0.0] AndroidManifest.xml:26:13-72
57
58        <meta-data
58-->[com.google.maps.android:android-maps-utils:0.5] AndroidManifest.xml:8:9-10:69
59            android:name="com.google.android.gms.version"
59-->[com.google.maps.android:android-maps-utils:0.5] AndroidManifest.xml:9:13-58
60            android:value="@integer/google_play_services_version" />
60-->[com.google.maps.android:android-maps-utils:0.5] AndroidManifest.xml:10:13-66
61    </application>
62
63</manifest>